2026-02-03 18:38:13,834 | monolith_prime | ============================================================
2026-02-03 18:38:13,836 | monolith_prime | \U0001f441\ufe0f PROJECT MONOLITH: OMEGA KERNEL v1.0 - PRIME EDITION
2026-02-03 18:38:13,837 | monolith_prime | ============================================================
2026-02-03 18:38:13,838 | monolith_prime | 
2026-02-03 18:38:13,838 | monolith_prime | AUTOPOIETIC SELF-BUILDING SYSTEM
2026-02-03 18:38:13,838 | monolith_prime | Replaces: Antigravity, n8n, Agent Zero, Moltbot
2026-02-03 18:38:13,839 | monolith_prime | Status: Self-Replicating Organism
2026-02-03 18:38:13,840 | monolith_prime | 
2026-02-03 18:38:13,840 | monolith_prime | ============================================================
2026-02-03 18:38:13,841 | monolith_prime | \U0001f480 CONSTRUCTING SKELETON...
2026-02-03 18:38:13,842 | monolith_prime |    \u2705 BRAIN: C:\Monolith\Brain
2026-02-03 18:38:13,843 | monolith_prime |    \u2705 HANDS: C:\Monolith\Hands
2026-02-03 18:38:13,845 | monolith_prime |    \u2705 PULSE: C:\Monolith\Pulse
2026-02-03 18:38:13,846 | monolith_prime |    \u2705 LOGS: C:\Monolith\Logs
2026-02-03 18:38:13,848 | monolith_prime |    \u2705 UI: C:\Monolith\UI
2026-02-03 18:38:13,848 | monolith_prime | \U0001f480 SKELETON CONSTRUCTED.
2026-02-03 18:38:13,849 | monolith_prime | \U0001f331 GROWING ORGANS...
2026-02-03 18:38:13,850 | monolith_prime | \U0001f331 GROWING ORGAN: architect.py...
2026-02-03 18:38:13,852 | monolith_prime | \U0001f331 GROWING ORGAN: moltbot.py...
2026-02-03 18:38:13,854 | monolith_prime | \U0001f331 GROWING ORGAN: dashboard.py...
2026-02-03 18:38:13,856 | monolith_prime | \U0001f331 ORGANS GROWN: Architect, Hand, Face
2026-02-03 18:38:13,857 | monolith_prime | \u2764\ufe0f STARTING PULSE...
2026-02-03 18:38:13,862 | monolith_prime | \u2764\ufe0f PULSE STARTED (Internal Scheduler)
2026-02-03 18:38:13,863 | monolith_prime | \u26a1 MONOLITH PRIME: SYSTEM READY
2026-02-03 18:38:13,864 | monolith_prime | \u26a1 GOD MODE TERMINAL: AWAITING COMMANDS
2026-02-03 18:38:13,864 | monolith_prime | 
2026-02-03 18:38:13,865 | monolith_prime | COMMANDS:
2026-02-03 18:38:13,865 | monolith_prime |   gen <name> <purpose> - Generate new agent
2026-02-03 18:38:13,865 | monolith_prime |   run <agent>          - Execute agent
2026-02-03 18:38:13,866 | monolith_prime |   list                 - List all agents
2026-02-03 18:38:13,866 | monolith_prime |   status               - System status
2026-02-03 18:38:13,866 | monolith_prime |   ui                   - Launch dashboard
2026-02-03 18:38:13,867 | monolith_prime |   exit                 - Shutdown
2026-02-03 18:38:13,867 | monolith_prime | 
